<?xml version="1.0" encoding="UTF-8"?>
<testsuites name="Santiysuite" time="15.282" tests="1" failures="0" errors="0">
   <testsuite name="Santiysuite" tests="1" failures="0" errors="0" time="15.282" skipped="0" timestamp="21-10-2024T15:45:49" hostname="Home - DESKTOP-IGKPL7S" id="Test Suites/Santiysuite">
      <properties>
         <property name="deviceName" value=""/>
         <property name="devicePlatform"/>
         <property name="logFolder" value="C:\\Users\\Home\\Katalon Studio\\amzon\\Reports\\20241021_154526\\Santiysuite\\20241021_154528"/>
         <property name="logFiles" value="C:\\Users\\Home\\Katalon Studio\\amzon\\Reports\\20241021_154526\\Santiysuite\\20241021_154528\\execution0.log"/>
         <property name="attachments" value=""/>
         <property name="hostName" value="Home - DESKTOP-IGKPL7S"/>
         <property name="os" value="Windows 10 64bit"/>
         <property name="katalonVersion" value="9.7.2.223"/>
         <property name="browser" value="Chrome 129.0.0.0"/>
         <property name="hostAddress" value="192.168.0.107"/>
         <property name="sessionId" value="12add1ffac972929e7a91cc8198628fc"/>
         <property name="seleniumVersion" value="3.141.59"/>
         <property name="proxyInformation" value="ProxyInformation { proxyOption=NO_PROXY, proxyServerType=HTTP, username=, password=********, proxyServerAddress=, proxyServerPort=0, executionList=&quot;&quot;, isApplyToDesiredCapabilities=true }"/>
         <property name="platform" value="Windows 10"/>
      </properties>
      <testcase name="Test Cases/AmzonTollBarVerication" time="14.635" classname="Test Cases/AmzonTollBarVerication" status="PASSED">
         <system-out><![CDATA[21-10-2024T15:45:50 - [TEST_CASE][PASSED] - Test Cases/AmzonTollBarVerication: Test Cases/AmzonTollBarVerication

21-10-2024T15:45:51 - [TEST_STEP][PASSED] - openBrowser(""): Browser is opened with url: ''

21-10-2024T15:45:52 - [MESSAGE][INFO] - Starting 'Chrome' driver

21-10-2024T15:45:52 - [MESSAGE][INFO] - Action delay is set to 0 milliseconds

21-10-2024T15:45:57 - [MESSAGE][PASSED] - Browser is opened with url: ''

21-10-2024T15:45:57 - [TEST_STEP][PASSED] - navigateToUrl(url): Navigate to 'https://www.amazon.in/' successfully

21-10-2024T15:46:02 - [MESSAGE][PASSED] - Navigate to 'https://www.amazon.in/' successfully

21-10-2024T15:46:02 - [TEST_STEP][PASSED] - verifyElementPresent(findTestObject("Object Repository/Hederobject"), 10): Object 'Object Repository/Hederobject' is present

21-10-2024T15:46:03 - [MESSAGE][PASSED] - Object 'Object Repository/Hederobject' is present

21-10-2024T15:46:03 - [TEST_STEP][PASSED] - closeBrowser(): Browser is closed

21-10-2024T15:46:04 - [MESSAGE][PASSED] - Browser is closed]]></system-out>
         <system-err><![CDATA[]]></system-err>
      </testcase>
      <system-out><![CDATA[21-10-2024T15:45:49 - [TEST_SUITE][PASSED] - Santiysuite: Test Cases/AmzonTollBarVerication]]></system-out>
      <system-err><![CDATA[]]></system-err>
   </testsuite>
</testsuites>
